SCISSORS beats PAPER win -> polya
PAPER beats ROCK  loss -> polya
USER MOVE : PAPER COMPUTER MOVE : PAPER -> TIES
NAMES : polya
WINS : 1
LOSSES : 1
TIES : 1
GAMES PLAYED : 3
PERCENTAGE WON : 50.0



ROCK beats SCISSORS win -> polya
USER MOVE : SCISSORS COMPUTER MOVE : SCISSORS -> TIES
NAMES : polya
WINS : 1
LOSSES : 0
TIES : 1
GAMES PLAYED : 2
PERCENTAGE WON : 75.0



PAPER beats ROCK  loss -> polya
SCISSORS beats PAPER win -> polya
USER MOVE : ROCK COMPUTER MOVE : ROCK -> TIES
NAMES : polya
WINS : 1
LOSSES : 1
TIES : 1
GAMES PLAYED : 3
PERCENTAGE WON : 50.0



USER MOVE : ROCK COMPUTER MOVE : ROCK -> TIES
USER MOVE : SCISSORS COMPUTER MOVE : SCISSORS -> TIES
SCISSORS beats PAPER win -> polya
NAMES : polya
WINS : 1
LOSSES : 0
TIES : 2
GAMES PLAYED : 3
PERCENTAGE WON : 66.66666666666666



USER MOVE : PAPER COMPUTER MOVE : PAPER -> TIES
NAMES : polya
WINS : 0
LOSSES : 0
TIES : 1
GAMES PLAYED : 1
PERCENTAGE WON : 50.0



PAPER beats ROCK  loss -> polya
NAMES : polya
WINS : 0
LOSSES : 1
TIES : 0
GAMES PLAYED : 1
PERCENTAGE WON : 0.0



SCISSORS beats PAPER win -> polya
PAPER beats ROCK win -> polya
NAMES : polya
WINS : 2
LOSSES : 0
TIES : 0
GAMES PLAYED : 2
PERCENTAGE WON : 100.0



PAPER beats ROCK  loss -> 2
SCISSORS beats PAPER win -> 2
NAMES : 2
WINS : 1
LOSSES : 1
TIES : 0
GAMES PLAYED : 2
PERCENTAGE WON : 50.0



USER MOVE : ROCK COMPUTER MOVE : ROCK -> TIES
ROCK beats SCISSORS  loss -> polya
PAPER beats ROCK  loss -> polya
NAMES : polya
WINS : 0
LOSSES : 2
TIES : 1
GAMES PLAYED : 3
PERCENTAGE WON : 16.666666666666664



USER MOVE : ROCK COMPUTER MOVE : ROCK -> TIES
ROCK beats SCISSORS  loss -> polya
NAMES : polya
WINS : 0
LOSSES : 1
TIES : 1
GAMES PLAYED : 2
PERCENTAGE WON : 25.0



