2022-08-12 10:15:16,569 - Сколько игр выбрал игрок : 2
2022-08-12 10:15:16,576 - ===============================================
2022-08-12 10:15:16,576 - Игра началась
2022-08-12 10:15:16,576 - Игровая статистика для игрока : polya
2022-08-12 10:15:18,012 - Ход игрока : ROCK
2022-08-12 10:15:18,012 - Ход компьютера : ROCK
2022-08-12 10:15:18,012 - Сколько игр осталось : 1
2022-08-12 10:15:19,565 - ===============================================
2022-08-12 10:15:19,565 - Игра началась
2022-08-12 10:15:19,565 - Игровая статистика для игрока : polya
2022-08-12 10:15:21,255 - Ход игрока : SCISSORS
2022-08-12 10:15:21,255 - Ход компьютера : ROCK
2022-08-12 10:15:21,255 - Сколько игр осталось : 0
2022-08-12 10:15:21,255 - Игр сыграно : 2
2022-08-12 10:15:21,270 - Выиграно : 0
2022-08-12 10:15:21,270 - Проиграно : 1
2022-08-12 10:15:21,270 - Ничьи : 1
2022-08-12 10:15:21,270 - Процент побед : 25.0
2022-08-12 10:15:21,270 - Игрок вышел с игры
2022-08-12 10:15:21,270 - ===============================================
